<?xml version="1.0" encoding="UTF-8"?>
<!-- Generated by org.testng.reporters.JUnitXMLReporter -->
<testsuite hostname="IN-5CG7192B5M" name="Test" tests="3" failures="0" timestamp="1 Apr 2020 08:12:27 GMT" time="0.142" errors="0">
  <testcase name="@BeforeTest setup" time="0.0" classname="com.google.tests.GoogleSearchTC1">
    <failure type="org.testng.TestNGException" message="
Parameter &amp;apos;browser&amp;apos; is required by @Configuration on method setup but has not been marked @Optional or defined
in C:\SampleProject-master\testng.xml">
      <![CDATA[org.testng.TestNGException: 
Parameter 'browser' is required by @Configuration on method setup but has not been marked @Optional or defined
in C:\SampleProject-master\testng.xml
... Removed 19 stack frames]]>
    </failure>
  </testcase> <!-- @BeforeTest setup -->
  <testcase name="@BeforeTest setup" time="0.0" classname="com.google.tests.GoogleSearchTC1">
    <skipped/>
  </testcase> <!-- @BeforeTest setup -->
  <testcase name="@BeforeTest setup" time="0.0" classname="com.google.tests.GoogleSearchTC1">
    <skipped/>
  </testcase> <!-- @BeforeTest setup -->
  <testcase name="TC01" time="0.02" classname="com.google.tests.GoogleSearchTC1">
    <skipped/>
  </testcase> <!-- TC01 -->
  <testcase name="TC01" time="0.008" classname="com.google.tests.GoogleSearchTC2">
    <skipped/>
  </testcase> <!-- TC01 -->
  <testcase name="TC01" time="0.0" classname="com.google.tests.GoogleSearchTC3">
    <skipped/>
  </testcase> <!-- TC01 -->
</testsuite> <!-- Test -->
